<?xml version="1.0" encoding="UTF-8"?>
<testsuite xmlns:xsi="http://www.w3.org/2001/XMLSchema-instance" xsi:noNamespaceSchemaLocation="https://maven.apache.org/surefire/maven-surefire-plugin/xsd/surefire-test-report-3.0.xsd" version="3.0" name="com.medical.DatabaseConnectionTest" time="4.307" tests="1" errors="0" skipped="0" failures="0">
  <properties>
[...]
</properties>
  <testcase name="testDatabaseConnection" classname="com.medical.DatabaseConnectionTest" time="0.691">
    <system-out><![CDATA[13:15:13.453 [main] INFO org.springframework.test.context.support.AnnotationConfigContextLoaderUtils -- Could not detect default configuration classes for test class [com.medical.DatabaseConnectionTest]: DatabaseConnectionTest does not declare any static, non-private, non-final, nested classes annotated with @Configuration.
13:15:13.562 [main] INFO org.springframework.boot.test.context.SpringBootTestContextBootstrapper -- Found @SpringBootConfiguration com.medical.AppointmentSystemApplication for test class com.medical.DatabaseConnectionTest
13:15:13.722 [main] INFO org.springframework.boot.devtools.restart.RestartApplicationListener -- Restart disabled due to context in which it is running

  .   ____          _            __ _ _
 /\\ / ___'_ __ _ _(_)_ __  __ _ \ \ \ \
( ( )\___ | '_ | '_| | '_ \/ _` | \ \ \ \
 \\/  ___)| |_)| | | | | || (_| |  ) ) ) )
  '  |____| .__|_| |_|_| |_\__, | / / / /
 =========|_|==============|___/=/_/_/_/

 :: Spring Boot ::                (v3.3.6)

2026-01-04T13:15:14.002Z  INFO 29644 --- [appointment-system] [           main] com.medical.DatabaseConnectionTest       : Starting DatabaseConnectionTest using Java 21.0.9 with PID 29644 (started by sburman in C:\Users\sburman\projects\Spring-Projects\jdbc-example\appointment-system)
2026-01-04T13:15:14.004Z DEBUG 29644 --- [appointment-system] [           main] com.medical.DatabaseConnectionTest       : Running with Spring Boot v3.3.6, Spring v6.1.15
2026-01-04T13:15:14.005Z  INFO 29644 --- [appointment-system] [           main] com.medical.DatabaseConnectionTest       : No active profile set, falling back to 1 default profile: "default"
2026-01-04T13:15:14.814Z  INFO 29644 --- [appointment-system] [           main] .s.d.r.c.RepositoryConfigurationDelegate : Bootstrapping Spring Data JDBC repositories in DEFAULT mode.
2026-01-04T13:15:14.837Z  INFO 29644 --- [appointment-system] [           main] .s.d.r.c.RepositoryConfigurationDelegate : Finished Spring Data repository scanning in 14 ms. Found 0 JDBC repository interfaces.
2026-01-04T13:15:15.210Z  INFO 29644 --- [appointment-system] [           main] com.zaxxer.hikari.HikariDataSource       : MedicalHikariPool - Starting...
2026-01-04T13:15:15.600Z  INFO 29644 --- [appointment-system] [           main] com.zaxxer.hikari.pool.HikariPool        : MedicalHikariPool - Added connection org.postgresql.jdbc.PgConnection@445821a6
2026-01-04T13:15:15.602Z  INFO 29644 --- [appointment-system] [           main] com.zaxxer.hikari.HikariDataSource       : MedicalHikariPool - Start completed.
2026-01-04T13:15:16.895Z  INFO 29644 --- [appointment-system] [           main] com.medical.DatabaseConnectionTest       : Started DatabaseConnectionTest in 3.191 seconds (process running for 4.073)
2026-01-04T13:15:16.900Z DEBUG 29644 --- [appointment-system] [           main] o.s.jdbc.core.JdbcTemplate               : Executing SQL query [SELECT id, name, date_of_birth, medical_record_number FROM patient ORDER BY id]
2026-01-04T13:15:16.907Z  INFO 29644 --- [appointment-system] [           main] com.medical.config.DataInitializer       : Startup: found 3 patients
2026-01-04T13:15:17.560Z DEBUG 29644 --- [appointment-system] [           main] o.s.jdbc.core.JdbcTemplate               : Executing SQL query [SELECT COUNT(*) FROM patient]
Found patients: 3
]]></system-out>
    <system-err><![CDATA[WARNING: A Java agent has been loaded dynamically (C:\Users\sburman\.m2\repository\net\bytebuddy\byte-buddy-agent\1.14.19\byte-buddy-agent-1.14.19.jar)
WARNING: If a serviceability tool is in use, please run with -XX:+EnableDynamicAgentLoading to hide this warning
WARNING: If a serviceability tool is not in use, please run with -Djdk.instrument.traceUsage for more information
WARNING: Dynamic loading of agents will be disallowed by default in a future release
]]></system-err>
  </testcase>
</testsuite>